{"/Users/quynh.nguyen/Documents/INTERVIEW_PROJECT/AutocompleteComponent/src/index.js": {"path":"/Users/quynh.nguyen/Documents/INTERVIEW_PROJECT/AutocompleteComponent/src/index.js","statementMap":{"0":{"start":{"line":8,"column":0},"end":{"line":8,"column":57}},"1":{"start":{"line":10,"column":0},"end":{"line":10,"column":20}}},"fnMap":{},"branchMap":{},"s":{"0":0,"1":0},"f":{},"b":{}}
,"/Users/quynh.nguyen/Documents/INTERVIEW_PROJECT/AutocompleteComponent/src/components/App.jsx": {"path":"/Users/quynh.nguyen/Documents/INTERVIEW_PROJECT/AutocompleteComponent/src/components/App.jsx","statementMap":{"0":{"start":{"line":6,"column":20},"end":{"line":6,"column":55}},"1":{"start":{"line":8,"column":12},"end":{"line":13,"column":1}},"2":{"start":{"line":9,"column":2},"end":{"line":12,"column":8}}},"fnMap":{"0":{"name":"(anonymous_0)","decl":{"start":{"line":8,"column":12},"end":{"line":8,"column":13}},"loc":{"start":{"line":9,"column":2},"end":{"line":12,"column":8}},"line":9}},"branchMap":{},"s":{"0":1,"1":1,"2":1},"f":{"0":1},"b":{},"_coverageSchema":"1a1c01bbd47fc00a2c39e90264f33305004495a9","hash":"aafcc88a9ec0c031bd696ac443522374f5b7d2ef"}
,"/Users/quynh.nguyen/Documents/INTERVIEW_PROJECT/AutocompleteComponent/src/components/Autocomplete/Autocomplete.jsx": {"path":"/Users/quynh.nguyen/Documents/INTERVIEW_PROJECT/AutocompleteComponent/src/components/Autocomplete/Autocomplete.jsx","statementMap":{"0":{"start":{"line":6,"column":21},"end":{"line":128,"column":1}},"1":{"start":{"line":7,"column":26},"end":{"line":7,"column":31}},"2":{"start":{"line":8,"column":28},"end":{"line":13,"column":4}},"3":{"start":{"line":15,"column":23},"end":{"line":25,"column":3}},"4":{"start":{"line":16,"column":26},"end":{"line":16,"column":41}},"5":{"start":{"line":18,"column":4},"end":{"line":24,"column":7}},"6":{"start":{"line":27,"column":28},"end":{"line":41,"column":3}},"7":{"start":{"line":28,"column":22},"end":{"line":28,"column":30}},"8":{"start":{"line":30,"column":32},"end":{"line":33,"column":5}},"9":{"start":{"line":32,"column":8},"end":{"line":32,"column":66}},"10":{"start":{"line":35,"column":4},"end":{"line":40,"column":7}},"11":{"start":{"line":43,"column":24},"end":{"line":79,"column":3}},"12":{"start":{"line":44,"column":54},"end":{"line":44,"column":59}},"13":{"start":{"line":48,"column":4},"end":{"line":77,"column":5}},"14":{"start":{"line":49,"column":6},"end":{"line":54,"column":9}},"15":{"start":{"line":57,"column":9},"end":{"line":77,"column":5}},"16":{"start":{"line":58,"column":6},"end":{"line":60,"column":7}},"17":{"start":{"line":59,"column":8},"end":{"line":59,"column":15}},"18":{"start":{"line":62,"column":6},"end":{"line":65,"column":9}},"19":{"start":{"line":68,"column":9},"end":{"line":77,"column":5}},"20":{"start":{"line":69,"column":6},"end":{"line":71,"column":7}},"21":{"start":{"line":70,"column":8},"end":{"line":70,"column":15}},"22":{"start":{"line":73,"column":6},"end":{"line":76,"column":9}},"23":{"start":{"line":81,"column":41},"end":{"line":112,"column":3}},"24":{"start":{"line":82,"column":4},"end":{"line":105,"column":5}},"25":{"start":{"line":83,"column":6},"end":{"line":104,"column":8}},"26":{"start":{"line":89,"column":12},"end":{"line":91,"column":13}},"27":{"start":{"line":90,"column":14},"end":{"line":90,"column":61}},"28":{"start":{"line":93,"column":12},"end":{"line":101,"column":14}},"29":{"start":{"line":107,"column":4},"end":{"line":111,"column":6}},"30":{"start":{"line":114,"column":2},"end":{"line":127,"column":4}},"31":{"start":{"line":132,"column":0},"end":{"line":134,"column":2}},"32":{"start":{"line":136,"column":0},"end":{"line":138,"column":2}}},"fnMap":{"0":{"name":"(anonymous_0)","decl":{"start":{"line":6,"column":21},"end":{"line":6,"column":22}},"loc":{"start":{"line":6,"column":30},"end":{"line":128,"column":1}},"line":6},"1":{"name":"(anonymous_1)","decl":{"start":{"line":15,"column":23},"end":{"line":15,"column":24}},"loc":{"start":{"line":15,"column":28},"end":{"line":25,"column":3}},"line":15},"2":{"name":"(anonymous_2)","decl":{"start":{"line":27,"column":28},"end":{"line":27,"column":29}},"loc":{"start":{"line":27,"column":33},"end":{"line":41,"column":3}},"line":27},"3":{"name":"(anonymous_3)","decl":{"start":{"line":31,"column":6},"end":{"line":31,"column":7}},"loc":{"start":{"line":32,"column":8},"end":{"line":32,"column":66}},"line":32},"4":{"name":"(anonymous_4)","decl":{"start":{"line":43,"column":24},"end":{"line":43,"column":25}},"loc":{"start":{"line":43,"column":29},"end":{"line":79,"column":3}},"line":43},"5":{"name":"(anonymous_5)","decl":{"start":{"line":81,"column":41},"end":{"line":81,"column":42}},"loc":{"start":{"line":81,"column":47},"end":{"line":112,"column":3}},"line":81},"6":{"name":"(anonymous_6)","decl":{"start":{"line":85,"column":41},"end":{"line":85,"column":42}},"loc":{"start":{"line":85,"column":64},"end":{"line":102,"column":11}},"line":85}},"branchMap":{"0":{"loc":{"start":{"line":48,"column":4},"end":{"line":77,"column":5}},"type":"if","locations":[{"start":{"line":48,"column":4},"end":{"line":77,"column":5}},{"start":{"line":48,"column":4},"end":{"line":77,"column":5}}],"line":48},"1":{"loc":{"start":{"line":57,"column":9},"end":{"line":77,"column":5}},"type":"if","locations":[{"start":{"line":57,"column":9},"end":{"line":77,"column":5}},{"start":{"line":57,"column":9},"end":{"line":77,"column":5}}],"line":57},"2":{"loc":{"start":{"line":58,"column":6},"end":{"line":60,"column":7}},"type":"if","locations":[{"start":{"line":58,"column":6},"end":{"line":60,"column":7}},{"start":{"line":58,"column":6},"end":{"line":60,"column":7}}],"line":58},"3":{"loc":{"start":{"line":68,"column":9},"end":{"line":77,"column":5}},"type":"if","locations":[{"start":{"line":68,"column":9},"end":{"line":77,"column":5}},{"start":{"line":68,"column":9},"end":{"line":77,"column":5}}],"line":68},"4":{"loc":{"start":{"line":69,"column":6},"end":{"line":71,"column":7}},"type":"if","locations":[{"start":{"line":69,"column":6},"end":{"line":71,"column":7}},{"start":{"line":69,"column":6},"end":{"line":71,"column":7}}],"line":69},"5":{"loc":{"start":{"line":82,"column":4},"end":{"line":105,"column":5}},"type":"if","locations":[{"start":{"line":82,"column":4},"end":{"line":105,"column":5}},{"start":{"line":82,"column":4},"end":{"line":105,"column":5}}],"line":82},"6":{"loc":{"start":{"line":89,"column":12},"end":{"line":91,"column":13}},"type":"if","locations":[{"start":{"line":89,"column":12},"end":{"line":91,"column":13}},{"start":{"line":89,"column":12},"end":{"line":91,"column":13}}],"line":89},"7":{"loc":{"start":{"line":123,"column":7},"end":{"line":125,"column":40}},"type":"binary-expr","locations":[{"start":{"line":123,"column":7},"end":{"line":123,"column":28}},{"start":{"line":124,"column":8},"end":{"line":124,"column":23}},{"start":{"line":125,"column":8},"end":{"line":125,"column":40}}],"line":123}},"s":{"0":1,"1":0,"2":0,"3":0,"4":0,"5":0,"6":0,"7":0,"8":0,"9":0,"10":0,"11":0,"12":0,"13":0,"14":0,"15":0,"16":0,"17":0,"18":0,"19":0,"20":0,"21":0,"22":0,"23":0,"24":0,"25":0,"26":0,"27":0,"28":0,"29":0,"30":0,"31":1,"32":1},"f":{"0":0,"1":0,"2":0,"3":0,"4":0,"5":0,"6":0},"b":{"0":[0,0],"1":[0,0],"2":[0,0],"3":[0,0],"4":[0,0],"5":[0,0],"6":[0,0],"7":[0,0,0]},"_coverageSchema":"1a1c01bbd47fc00a2c39e90264f33305004495a9","hash":"241c679c1abb2d0e7a42c9b156c7138e7e6341b9"}
,"/Users/quynh.nguyen/Documents/INTERVIEW_PROJECT/AutocompleteComponent/src/components/Header/Header.jsx": {"path":"/Users/quynh.nguyen/Documents/INTERVIEW_PROJECT/AutocompleteComponent/src/components/Header/Header.jsx","statementMap":{"0":{"start":{"line":7,"column":15},"end":{"line":32,"column":1}},"1":{"start":{"line":8,"column":22},"end":{"line":8,"column":68}},"2":{"start":{"line":9,"column":33},"end":{"line":9,"column":47}},"3":{"start":{"line":10,"column":32},"end":{"line":12,"column":3}},"4":{"start":{"line":11,"column":4},"end":{"line":11,"column":26}},"5":{"start":{"line":14,"column":2},"end":{"line":31,"column":4}},"6":{"start":{"line":27,"column":10},"end":{"line":27,"column":23}}},"fnMap":{"0":{"name":"(anonymous_0)","decl":{"start":{"line":7,"column":15},"end":{"line":7,"column":16}},"loc":{"start":{"line":7,"column":21},"end":{"line":32,"column":1}},"line":7},"1":{"name":"(anonymous_1)","decl":{"start":{"line":10,"column":32},"end":{"line":10,"column":33}},"loc":{"start":{"line":10,"column":38},"end":{"line":12,"column":3}},"line":10},"2":{"name":"(anonymous_2)","decl":{"start":{"line":26,"column":25},"end":{"line":26,"column":26}},"loc":{"start":{"line":27,"column":10},"end":{"line":27,"column":23}},"line":27}},"branchMap":{"0":{"loc":{"start":{"line":24,"column":32},"end":{"line":24,"column":66}},"type":"cond-expr","locations":[{"start":{"line":24,"column":46},"end":{"line":24,"column":55}},{"start":{"line":24,"column":58},"end":{"line":24,"column":66}}],"line":24}},"s":{"0":1,"1":0,"2":0,"3":0,"4":0,"5":0,"6":0},"f":{"0":0,"1":0,"2":0},"b":{"0":[0,0]},"_coverageSchema":"1a1c01bbd47fc00a2c39e90264f33305004495a9","hash":"4a70cbec7965af64d10d50360bf1549d160c5616"}
}
